<?xml version="1.0" encoding="UTF-8"?>
<testsuite xmlns:xsi="http://www.w3.org/2001/XMLSchema-instance" xsi:noNamespaceSchemaLocation="https://maven.apache.org/surefire/maven-surefire-plugin/xsd/surefire-test-report.xsd" name="bnymellon.training.spring.framework.xml.Lab01Test" time="0.108" tests="4" errors="0" skipped="0" failures="0">
  <properties>
[...]
</properties>
  <testcase name="injectThroughConstructorIndex" classname="bnymellon.training.spring.framework.xml.Lab01Test" time="0.017"/>
  <testcase name="injectThroughConstructorNamed" classname="bnymellon.training.spring.framework.xml.Lab01Test" time="0.039"/>
  <testcase name="injectThroughSetters" classname="bnymellon.training.spring.framework.xml.Lab01Test" time="0.033"/>
  <testcase name="injectThroughConstructorSimple" classname="bnymellon.training.spring.framework.xml.Lab01Test" time="0.015"/>
</testsuite>