<?xml version="1.0" encoding="UTF-8"?>
<testsuite xmlns:xsi="http://www.w3.org/2001/XMLSchema-instance" xsi:noNamespaceSchemaLocation="https://maven.apache.org/surefire/maven-surefire-plugin/xsd/surefire-test-report.xsd" name="bnymellon.training.spring.framework.Lab01Test" time="0.457" tests="3" errors="0" skipped="0" failures="0">
  <properties>
[...]
</properties>
  <testcase name="instantiateThroughConstructor" classname="bnymellon.training.spring.framework.Lab01Test" time="0.33"/>
  <testcase name="instantiateThroughStaticFactory" classname="bnymellon.training.spring.framework.Lab01Test" time="0.075"/>
  <testcase name="instantiateThroughInstanceFactory" classname="bnymellon.training.spring.framework.Lab01Test" time="0.036"/>
</testsuite>